Reading netlist file: "/home/jutilisepingouin/Zepha/Programmation/fpga/synth/impl/gwsynthesis/synth.vg"
Parsing netlist file "/home/jutilisepingouin/Zepha/Programmation/fpga/synth/impl/gwsynthesis/synth.vg" completed
Processing netlist completed
Reading constraint file: "/home/jutilisepingouin/Zepha/Programmation/fpga/synth/src/synth.cst"
Physical Constraint parsed completed
Running placement......
[10%] Placement Phase 0 completed
[20%] Placement Phase 1 completed
[30%] Placement Phase 2 completed
WARN  (TA1132) :  'clk' was determined to be a clock but was not created.
WARN  (TA1132) :  'nclk' was determined to be a clock but was not created.
[50%] Placement Phase 3 completed
Running routing......
[60%] Routing Phase 0 completed
[70%] Routing Phase 1 completed
[80%] Routing Phase 2 completed
WARN  (PR1014) : Generic routing resource will be used to clock signal 'clk_d' by the specified constraint. And then it may lead to the excessive delay or skew
[90%] Routing Phase 3 completed
Running timing analysis......
[95%] Timing analysis completed
Placement and routing completed
Bitstream generation in progress......
Bitstream generation completed
Running power analysis......
[100%] Power analysis completed
Generate file "/home/jutilisepingouin/Zepha/Programmation/fpga/synth/impl/pnr/synth.power.html" completed
Generate file "/home/jutilisepingouin/Zepha/Programmation/fpga/synth/impl/pnr/synth.pin.html" completed
Generate file "/home/jutilisepingouin/Zepha/Programmation/fpga/synth/impl/pnr/synth.rpt.html" completed
Generate file "/home/jutilisepingouin/Zepha/Programmation/fpga/synth/impl/pnr/synth.rpt.txt" completed
Generate file "/home/jutilisepingouin/Zepha/Programmation/fpga/synth/impl/pnr/synth.tr.html" completed
Sat Sep 20 13:46:41 2025

