GowinSynthesis start
Running parser ...
Analyzing VHDL file '/home/jutilisepingouin/Zepha/Programmation/fpga/synth/src/fctl.vhd'
Analyzing entity 'fctl'("/home/jutilisepingouin/Zepha/Programmation/fpga/synth/src/fctl.vhd":5)
Analyzing architecture 'behav'("/home/jutilisepingouin/Zepha/Programmation/fpga/synth/src/fctl.vhd":12)
Analyzing VHDL file '/home/jutilisepingouin/Zepha/Programmation/fpga/synth/src/rom.vhd'
Analyzing entity 'saw'("/home/jutilisepingouin/Zepha/Programmation/fpga/synth/src/rom.vhd":5)
Analyzing architecture 'behav'("/home/jutilisepingouin/Zepha/Programmation/fpga/synth/src/rom.vhd":12)
Analyzing VHDL file '/home/jutilisepingouin/Zepha/Programmation/fpga/synth/src/synth.vhd'
Analyzing entity 'synth'("/home/jutilisepingouin/Zepha/Programmation/fpga/synth/src/synth.vhd":5)
Analyzing architecture 'behav'("/home/jutilisepingouin/Zepha/Programmation/fpga/synth/src/synth.vhd":12)
Processing 'synth(behav)'("/home/jutilisepingouin/Zepha/Programmation/fpga/synth/src/synth.vhd":5)
Processing 'fctl(behav)'("/home/jutilisepingouin/Zepha/Programmation/fpga/synth/src/fctl.vhd":5)
Processing 'saw(behav)'("/home/jutilisepingouin/Zepha/Programmation/fpga/synth/src/rom.vhd":5)
NOTE  (EX0101) : Current top module is "synth"
[5%] Running netlist conversion ...
Running device independent optimization ...
[10%] Optimizing Phase 0 completed
[15%] Optimizing Phase 1 completed
[25%] Optimizing Phase 2 completed
Running inference ...
[30%] Inferring Phase 0 completed
[40%] Inferring Phase 1 completed
[50%] Inferring Phase 2 completed
[55%] Inferring Phase 3 completed
Running technical mapping ...
[60%] Tech-Mapping Phase 0 completed
[65%] Tech-Mapping Phase 1 completed
[75%] Tech-Mapping Phase 2 completed
[80%] Tech-Mapping Phase 3 completed
[90%] Tech-Mapping Phase 4 completed
[95%] Generate netlist file "/home/jutilisepingouin/Zepha/Programmation/fpga/synth/impl/gwsynthesis/synth.vg" completed
[100%] Generate report file "/home/jutilisepingouin/Zepha/Programmation/fpga/synth/impl/gwsynthesis/synth_syn.rpt.html" completed
GowinSynthesis finish
